Empire Interactive. Hyakumanton no Bara Bara. 2003. Vendas global: 0.08.  Sequencial: 374, binaria: 9
Ubisoft. Eternal Darkness: Sanity's Requiem. 2008. Vendas global: 0.23.  Sequencial: 805, binaria: 9
Daito. Naruto: Ninja Council. 2006. Vendas global: 0.11.  Sequencial: 608, binaria: 8
Deep Silver. The Cursed Crusade. 2010. Vendas global: 0.08.  Sequencial: 1070, binaria: 10
Electronic Arts. Summon Night 3. 2004. Vendas global: 0.68.  Sequencial: 409, binaria: 10
Zoo Digital Publishing. Donkey Kong Country 2. 2008. Vendas global: 0.12.  Sequencial: 801, binaria: 11
Broccoli. Madden NFL 99. 2011. Vendas global: 0.01.  Sequencial: 1221, binaria: 5
Victor Interactive. Meikyuu Cross Blood: Reloaded. 2000. Vendas global: 0.18.  Sequencial: 221, binaria: 11
989 Studios. Fate/Unlimited Codes. 1999. Vendas global: 0.48.  Sequencial: 174, binaria: 7
Sony Computer Entertainment. NHL Hitz 20-03. 1998. Vendas global: 0.31.  Sequencial: 140, binaria: 10
Sega. Iron Man. 2008. Vendas global: 0.57.  Sequencial: 748, binaria: 7
Sega. Capcom vs SNK. 2005. Vendas global: 0.24.  Sequencial: 538, binaria: 11
Enterbrain. Shining Force Feather. 2002. Vendas global: 0.13.  Sequencial: 312, binaria: 10
ASCII Entertainment. Hakuoki: Shinkai - Furi no Shou. 1996. Vendas global: 0.08.  Sequencial: 75, binaria: 8
D3Publisher. Blood Omen 2. 2008. Vendas global: 0.05.  Sequencial: 792, binaria: 7
Konami Digital Entertainment. Fantastic Four: Rise of the Silver Surfer. 2006. Vendas global: 1.0.  Sequencial: 581, binaria: 10
Ubisoft. NCAA Football 2003. 2009. Vendas global: 0.63.  Sequencial: 905, binaria: 9
Konami Digital Entertainment. Family Feud: 2010 Edition. 2008. Vendas global: 0.08.  Sequencial: 798, binaria: 10
Genki. American Chopper 2: Full Throttle. 2003. Vendas global: 0.91.  Sequencial: 383, binaria: 8
Atari. Syphon Filter: Dark Mirror. 2002. Vendas global: 0.43.  Sequencial: 334, binaria: 9
Microsoft Game Studios. MTV Music Generator. 2003. Vendas global: 0.11.  Sequencial: 371, binaria: 10
Tecmo Koei. Dynasty Warriors Next. 2011. Vendas global: 0.27.  Sequencial: 1158, binaria: 9
Sega. Stranglehold. 2008. Vendas global: 0.08.  Sequencial: 785, binaria: 9
Electronic Arts. Yahari Game Demo Ore no Seishun Love-Kome Hamachi Gatteiru. 2011. Vendas global: 0.99.  Sequencial: 1224, binaria: 10
Namco Bandai Games. Kelly Slater's Pro Surfer. 2007. Vendas global: 0.19.  Sequencial: 657, binaria: 9
Acclaim Entertainment. Biker Mice From Mars. 2002. Vendas global: 0.07.  Sequencial: 332, binaria: 11
Bigben Interactive. New Love Plus. 2015. Vendas global: 0.06.  Sequencial: 1474, binaria: 10
Midway Games. NASCAR Thunder 2003. 2008. Vendas global: 0.47.  Sequencial: 787, binaria: 10
Infogrames. Ping Pals. 2002. Vendas global: 0.46.  Sequencial: 295, binaria: 8
Nintendo. Marines: Modern Urban Combat. 1999. Vendas global: 5.45.  Sequencial: 171, binaria: 10
Quinrose. Satomi Hakkenden: Hachi Tamanoki. 2014. Vendas global: 0.01.  Sequencial: 1374, binaria: 10
Sony Computer Entertainment. Ford Racing 2. 2000. Vendas global: 0.16.  Sequencial: 210, binaria: 11
Electronic Arts. Football Manager Handheld 2008. 2010. Vendas global: 0.38.  Sequencial: 1113, binaria: 11
Crave Entertainment. Imagine: Party Babyz. 2005. Vendas global: 0.09.  Sequencial: 501, binaria: 11
Marvelous Interactive. Katekyoo Hitman Reborn! Dream Hyper Battle!. 2007. Vendas global: 0.02.  Sequencial: 640, binaria: 10
Namco Bandai Games. Battlefield 4. 2015. Vendas global: 0.08.  Sequencial: 1441, binaria: 10
Take-Two Interactive. Medal of Honor: Warfighter. 1998. Vendas global: 0.08.  Sequencial: 157, binaria: 7
Konami Digital Entertainment. Mass Effect 3. 2012. Vendas global: 0.48.  Sequencial: 1321, binaria: 10
Astragon. Zatch Bell! Mamodo Fury. 2016. Vendas global: 0.02.  Sequencial: 1478, binaria: 8
Ubisoft. NCIS 3D. 2011. Vendas global: 0.13.  Sequencial: 1249, binaria: 10
Tomy Corporation. Scrabble. 1995. Vendas global: 0.33.  Sequencial: 63, binaria: 9
Enix Corporation. TrackMania: Build to Race. 1993. Vendas global: 1.15.  Sequencial: 35, binaria: 10
Capcom. Fight Night Round 2. 2008. Vendas global: 0.23.  Sequencial: 862, binaria: 10
Deep Silver. Peter Jackson's King Kong: The Official Game of the Movie. 2015. Vendas global: 0.05.  Sequencial: 1439, binaria: 11
Playmates. Samurai Spirits: Tenkaichi Kenkakuden. 1997. Vendas global: 0.28.  Sequencial: 114, binaria: 11
Lighthouse Interactive. Ship Simulator 2008. 2007. Vendas global: 0.02.  Sequencial: 644, binaria: 11
Pony Canyon. Ghostbusters: The Video Game (DS Version). 2000. Vendas global: 0.05.  Sequencial: 218, binaria: 11
THQ. Pirates: Legend of the Black Buccaneer. 2011. Vendas global: 0.18.  Sequencial: 1185, binaria: 11
Square Enix. [Prototype]. 2016. Vendas global: 0.1.  Sequencial: 1492, binaria: 7
505 Games. Major League Baseball 2K5. 2016. Vendas global: 0.01.  Sequencial: 1480, binaria: 11
Electronic Arts. Fable II. 2010. Vendas global: 0.14.  Sequencial: 1132, binaria: 11
Atlus. Dragon Quest Monsters 2. 2012. Vendas global: 0.38.  Sequencial: 1263, binaria: 11
Atari. Nintendogs + cats. 1998. Vendas global: 0.81.  Sequencial: 148, binaria: 8
Nintendo. Maze Craze: A Game of Cops 'n Robbers. 2012. Vendas global: 0.2.  Sequencial: 1278, binaria: 9
Square Enix. NBA 2K15. 2006. Vendas global: 0.43.  Sequencial: 597, binaria: 10
Take-Two Interactive. InuYasha: Feudal Combat. 2016. Vendas global: 0.04.  Sequencial: 1495, binaria: 10
GSP. Chessmaster: The Art of Learning. 2009. Vendas global: 0.51.  Sequencial: 930, binaria: 11
Microsoft Game Studios. Driver: Parallel Lines. 2005. Vendas global: 1.05.  Sequencial: 482, binaria: 10
Sega. Slayers Royal 2. 2008. Vendas global: 2.2.  Sequencial: 873, binaria: 11
Takara Tomy. Get Fit with Mel B. 2009. Vendas global: 0.04.  Sequencial: 922, binaria: 7
Sega. Super Hero Generation. 1994. Vendas global: 0.26.  Sequencial: 38, binaria: 7
Electronic Arts. Toaru Kagaku no Chou Denjihou. 2006. Vendas global: 0.11.  Sequencial: 575, binaria: 6
505 Games. WarioWare, Inc: Mega Party Game$. 2011. Vendas global: 0.61.  Sequencial: 1208, binaria: 11
Konami Digital Entertainment. Pikmin 2. 1992. Vendas global: 0.07.  Sequencial: 34, binaria: 11
Nintendo. Hamster Club 3. 2010. Vendas global: 2.11.  Sequencial: 1034, binaria: 11
Sega. ESPN College Hoops 2K5. 2004. Vendas global: 0.38.  Sequencial: 408, binaria: 9
Warner Bros Interactive Entertainment. Genji: Days of the Blade. 2012. Vendas global: 1.1.  Sequencial: 1303, binaria: 10
Sony Computer Entertainment. Major League Baseball 2K11. 2002. Vendas global: 0.17.  Sequencial: 318, binaria: 10
THQ. Mia Hamm Soccer 64. 2000. Vendas global: 0.07.  Sequencial: 198, binaria: 10
ESP. Crimson Sea. 1998. Vendas global: 0.03.  Sequencial: 154, binaria: 9
Unknown. Wappy Dog. 2010. Vendas global: 0.16.  Sequencial: 1046, binaria: 11
Tecmo Koei. Midnight Magic. 2009. Vendas global: 0.08.  Sequencial: 1023, binaria: 10
Jaleco. Casper: Spirit Dimensions. 2007. Vendas global: 0.08.  Sequencial: 737, binaria: 9
Rising Star Games. Daniel X: The Ultimate Power. 2007. Vendas global: 0.01.  Sequencial: 661, binaria: 11
Capcom. Viewtiful Joe. 2004. Vendas global: 0.28.  Sequencial: 404, binaria: 10
Hasbro Interactive. We Love Katamari. 1999. Vendas global: 1.43.  Sequencial: 172, binaria: 9
Codemasters. Cyber Troopers Virtual-On. 2003. Vendas global: 0.05.  Sequencial: 401, binaria: 11
Atari. DuckTales: Remastered. 2003. Vendas global: 0.3.  Sequencial: 391, binaria: 11