Electronic Arts. G.I. Joe: The Rise of Cobra. 2009. Vendas global: 0.14. 
Play It. Fugitive Hunter: War on Terror. 2003. Vendas global: 0.15. 
Konami Digital Entertainment. BeatMania Append GottaMix. 1999. Vendas global: 0.33. 
Disney Interactive Studios. The Princess and the Frog. 2009. Vendas global: 0.47. 
Konami Digital Entertainment. BeatMania Append 3rdMix. 1998. Vendas global: 0.6. 
Ubisoft. Pure Futbol. 2010. Vendas global: 0.24. 
Konami Digital Entertainment. Karaoke Revolution Glee 2: Road to Regionals. 2011. Vendas global: 0.23. 
505 Games. Terraria. 2013. Vendas global: 0.49. 
Konami Digital Entertainment. World Soccer Winning Eleven 9 (JP & Others sales). 2005. Vendas global: 1.2. 
Milestone S,r,l. MotoGP 15. 2015. Vendas global: 0.17. 
Konami Digital Entertainment. Pro Yaky? Spirits 2013. 2013. Vendas global: 0.06. 
Laguna. Breath of Fire II. 1994. Vendas global: 0.36. 
Take-Two Interactive. Thrasher Presents: Skate and Destroy. 1998. Vendas global: 0.39. 
Electronic Arts. MySims Racing. 2009. Vendas global: 0.47. 
Ubisoft Annecy. TRINITY: Souls of Zill O'll. 2010. Vendas global: 0.14. 
Konami Digital Entertainment. Pro Yaky? Spirits 4. 2007. Vendas global: 0.19. 
Ubisoft. Tom Clancy's Splinter Cell: Double Agent. 2007. Vendas global: 0.26. 
Sega. Puyo Puyo Tetris. 2014. Vendas global: 0.05. 
Tecmo Koei. Nobunaga no Yabou DS. 2006. Vendas global: 0.01. 
Nintendo. Wario: Master of Disguise. 2007. Vendas global: 0.66. 
Idea Factory International. MegaTagmension Blanc + Neptune VS Zombies. 2015. Vendas global: 0.12. 
Warner Bros. Interactive Entertainment. Lego Star Wars: The Force Awakens. 2016. Vendas global: 0.07. 
Activision. iCarly 2: iJoin The Click!. 2010. Vendas global: 0.28. 
PopCap Games. Bookworm. 2009. Vendas global: 0.34. 

